E:\tools\build2\build2-install\bin\bpkg -v build -d E:\projects\build2-packaging\jfalcou\build-msvc-stable --no-fetch --no-refinement --no-private-config 125 --noop-exit 124 --configure-only --keep-out --plan synchronizing: --yes eve@E:\projects\build2-packaging\jfalcou\eve
E:\tools\build2\build2-install\bin\bpkg -v update -d E:\projects\build2-packaging\jfalcou\build-msvc-stable eve
E:\tools\build2\build2-install\bin\b -v update('E:\projects\build2-packaging\jfalcou\build-msvc-stable\eve\')
c libboost-container@E:\projects\build2-packaging\jfalcou\build-msvc-stable\libboost-container-1.78.0\
  c          C:\Program Files\Microsoft Visual Studio\2022\Community\VC\Tools\MSVC\14.34.31933\bin\Hostx64\x64\cl.exe
  id         msvc
  version    19.34.31937
  major      19
  minor      34
  patch      31937
  signature  Microsoft (R) C/C++ Optimizing Compiler Version 19.34.31937 for x64
  checksum   370d654820bf6149b8b2ba22877bff0c1e6bccc5d8a2093be4ac801e01429dcd
  target     x86_64-microsoft-win32-msvc14.3
  runtime    msvc
  stdlib     msvc
  pattern    C:\Program Files\Microsoft Visual Studio\2022\Community\VC\Tools\MSVC\14.34.31933\bin\Hostx64\x64\*.exe
c libboost-predef@E:\projects\build2-packaging\jfalcou\build-msvc-stable\libboost-predef-1.78.0\
  c          C:\Program Files\Microsoft Visual Studio\2022\Community\VC\Tools\MSVC\14.34.31933\bin\Hostx64\x64\cl.exe
  id         msvc
  version    19.34.31937
  major      19
  minor      34
  patch      31937
  signature  Microsoft (R) C/C++ Optimizing Compiler Version 19.34.31937 for x64
  checksum   370d654820bf6149b8b2ba22877bff0c1e6bccc5d8a2093be4ac801e01429dcd
  target     x86_64-microsoft-win32-msvc14.3
  runtime    msvc
  stdlib     msvc
  pattern    C:\Program Files\Microsoft Visual Studio\2022\Community\VC\Tools\MSVC\14.34.31933\bin\Hostx64\x64\*.exe
c libboost-regex@E:\projects\build2-packaging\jfalcou\build-msvc-stable\libboost-regex-1.78.0\
  c          C:\Program Files\Microsoft Visual Studio\2022\Community\VC\Tools\MSVC\14.34.31933\bin\Hostx64\x64\cl.exe
  id         msvc
  version    19.34.31937
  major      19
  minor      34
  patch      31937
  signature  Microsoft (R) C/C++ Optimizing Compiler Version 19.34.31937 for x64
  checksum   370d654820bf6149b8b2ba22877bff0c1e6bccc5d8a2093be4ac801e01429dcd
  target     x86_64-microsoft-win32-msvc14.3
  runtime    msvc
  stdlib     msvc
  pattern    C:\Program Files\Microsoft Visual Studio\2022\Community\VC\Tools\MSVC\14.34.31933\bin\Hostx64\x64\*.exe
c libicuuc@E:\projects\build2-packaging\jfalcou\build-msvc-stable\libicuuc-65.1.0+6\
  c          C:\Program Files\Microsoft Visual Studio\2022\Community\VC\Tools\MSVC\14.34.31933\bin\Hostx64\x64\cl.exe
  id         msvc
  version    19.34.31937
  major      19
  minor      34
  patch      31937
  signature  Microsoft (R) C/C++ Optimizing Compiler Version 19.34.31937 for x64
  checksum   370d654820bf6149b8b2ba22877bff0c1e6bccc5d8a2093be4ac801e01429dcd
  target     x86_64-microsoft-win32-msvc14.3
  runtime    msvc
  stdlib     msvc
  pattern    C:\Program Files\Microsoft Visual Studio\2022\Community\VC\Tools\MSVC\14.34.31933\bin\Hostx64\x64\*.exe
info: ..\..\build-msvc-stable\dir{eve\} is up to date
updated eve/2022.9.1-a.0.20221223163419
